<?xml version="1.0" encoding="UTF-8"?>
<testsuite xmlns:xsi="http://www.w3.org/2001/XMLSchema-instance" xsi:noNamespaceSchemaLocation="https://maven.apache.org/surefire/maven-surefire-plugin/xsd/surefire-test-report-3.0.xsd" version="3.0" name="com.amine.productservice.ProductServiceApplicationTests" time="98.447" tests="1" errors="0" skipped="0" failures="0">
  <properties>
[...]
</properties>
  <testcase name="shouldCreateProduct" classname="com.amine.productservice.ProductServiceApplicationTests" time="1.811">
    <system-out><![CDATA[14:40:53.188 [main] INFO org.springframework.test.context.support.AnnotationConfigContextLoaderUtils -- Could not detect default configuration classes for test class [com.amine.productservice.ProductServiceApplicationTests]: ProductServiceApplicationTests does not declare any static, non-private, non-final, nested classes annotated with @Configuration.
14:40:53.343 [main] INFO org.springframework.boot.test.context.SpringBootTestContextBootstrapper -- Found @SpringBootConfiguration com.amine.productservice.ProductServiceApplication for test class com.amine.productservice.ProductServiceApplicationTests
14:40:53.578 [main] INFO org.testcontainers.utility.ImageNameSubstitutor -- Image name substitution will be performed by: DefaultImageNameSubstitutor (composite of 'ConfigurationFileImageNameSubstitutor' and 'PrefixingImageNameSubstitutor')
14:40:54.268 [main] INFO org.testcontainers.dockerclient.DockerClientProviderStrategy -- Found Docker environment with local Npipe socket (npipe:////./pipe/docker_engine)
14:40:54.285 [main] INFO org.testcontainers.DockerClientFactory -- Docker host IP address is localhost
14:40:54.323 [main] INFO org.testcontainers.DockerClientFactory -- Connected to docker: 
  Server Version: 28.0.4
  API Version: 1.48
  Operating System: Docker Desktop
  Total Memory: 3794 MB
14:40:54.514 [main] INFO tc.testcontainers/ryuk:0.5.1 -- Pulling docker image: testcontainers/ryuk:0.5.1. Please be patient; this may take some time but only needs to be done once.
14:40:54.697 [main] INFO org.testcontainers.utility.RegistryAuthLocator -- Credential helper/store (docker-credential-desktop) does not have credentials for https://index.docker.io/v1/
14:40:56.674 [docker-java-stream--1761815518] INFO tc.testcontainers/ryuk:0.5.1 -- Starting to pull image
14:40:56.698 [docker-java-stream--1761815518] INFO tc.testcontainers/ryuk:0.5.1 -- Pulling image layers:  0 pending,  0 downloaded,  0 extracted, (0 bytes/0 bytes)
14:40:59.022 [docker-java-stream--1761815518] INFO tc.testcontainers/ryuk:0.5.1 -- Pulling image layers:  2 pending,  1 downloaded,  0 extracted, (2 MB/? MB)
14:40:59.447 [docker-java-stream--1761815518] INFO tc.testcontainers/ryuk:0.5.1 -- Pulling image layers:  1 pending,  2 downloaded,  0 extracted, (2 MB/? MB)
14:41:00.022 [docker-java-stream--1761815518] INFO tc.testcontainers/ryuk:0.5.1 -- Pulling image layers:  0 pending,  3 downloaded,  0 extracted, (5 MB/5 MB)
14:41:00.628 [docker-java-stream--1761815518] INFO tc.testcontainers/ryuk:0.5.1 -- Pulling image layers:  0 pending,  3 downloaded,  1 extracted, (5 MB/5 MB)
14:41:00.826 [docker-java-stream--1761815518] INFO tc.testcontainers/ryuk:0.5.1 -- Pulling image layers:  0 pending,  3 downloaded,  2 extracted, (5 MB/5 MB)
14:41:00.930 [docker-java-stream--1761815518] INFO tc.testcontainers/ryuk:0.5.1 -- Pulling image layers:  0 pending,  3 downloaded,  3 extracted, (5 MB/5 MB)
14:41:00.930 [docker-java-stream--1761815518] INFO tc.testcontainers/ryuk:0.5.1 -- Pull complete. 3 layers, pulled in 4s (downloaded 5 MB at 1 MB/s)
14:41:01.075 [main] INFO tc.testcontainers/ryuk:0.5.1 -- Creating container for image: testcontainers/ryuk:0.5.1
14:41:02.551 [main] INFO tc.testcontainers/ryuk:0.5.1 -- Container testcontainers/ryuk:0.5.1 is starting: a0fe424f228ac20d633fdd5a2104c9acf2a8ad752ce6d5e2832ffaa7e9b2056d
14:41:03.881 [main] INFO tc.testcontainers/ryuk:0.5.1 -- Container testcontainers/ryuk:0.5.1 started in PT9.5463831S
14:41:03.905 [main] INFO org.testcontainers.utility.RyukResourceReaper -- Ryuk started - will monitor and terminate Testcontainers containers on JVM exit
14:41:03.905 [main] INFO org.testcontainers.DockerClientFactory -- Checking the system...
14:41:03.906 [main] INFO org.testcontainers.DockerClientFactory -- ?? Docker server version should be at least 1.6.0
14:41:03.912 [main] INFO tc.mongo:4.4.24 -- Pulling docker image: mongo:4.4.24. Please be patient; this may take some time but only needs to be done once.
14:41:05.462 [docker-java-stream--1362469710] INFO tc.mongo:4.4.24 -- Starting to pull image
14:41:05.463 [docker-java-stream--1362469710] INFO tc.mongo:4.4.24 -- Pulling image layers:  0 pending,  0 downloaded,  0 extracted, (0 bytes/0 bytes)
14:41:06.923 [docker-java-stream--1362469710] INFO tc.mongo:4.4.24 -- Pulling image layers:  8 pending,  1 downloaded,  0 extracted, (0 bytes/? MB)
14:41:07.123 [docker-java-stream--1362469710] INFO tc.mongo:4.4.24 -- Pulling image layers:  7 pending,  2 downloaded,  0 extracted, (0 bytes/? MB)
14:41:07.322 [docker-java-stream--1362469710] INFO tc.mongo:4.4.24 -- Pulling image layers:  6 pending,  3 downloaded,  0 extracted, (149 bytes/? MB)
14:41:07.424 [docker-java-stream--1362469710] INFO tc.mongo:4.4.24 -- Pulling image layers:  5 pending,  4 downloaded,  0 extracted, (149 bytes/? MB)
14:41:07.623 [docker-java-stream--1362469710] INFO tc.mongo:4.4.24 -- Pulling image layers:  4 pending,  5 downloaded,  0 extracted, (149 bytes/? MB)
14:41:09.623 [docker-java-stream--1362469710] INFO tc.mongo:4.4.24 -- Pulling image layers:  3 pending,  6 downloaded,  0 extracted, (5 MB/? MB)
14:41:16.327 [docker-java-stream--1362469710] INFO tc.mongo:4.4.24 -- Pulling image layers:  2 pending,  7 downloaded,  0 extracted, (37 MB/? MB)
14:41:17.348 [docker-java-stream--1362469710] INFO tc.mongo:4.4.24 -- Pulling image layers:  1 pending,  8 downloaded,  0 extracted, (44 MB/? MB)
14:41:20.546 [docker-java-stream--1362469710] INFO tc.mongo:4.4.24 -- Pulling image layers:  1 pending,  8 downloaded,  1 extracted, (54 MB/? MB)
14:41:20.637 [docker-java-stream--1362469710] INFO tc.mongo:4.4.24 -- Pulling image layers:  1 pending,  8 downloaded,  2 extracted, (55 MB/? MB)
14:41:21.437 [docker-java-stream--1362469710] INFO tc.mongo:4.4.24 -- Pulling image layers:  1 pending,  8 downloaded,  3 extracted, (59 MB/? MB)
14:41:21.660 [docker-java-stream--1362469710] INFO tc.mongo:4.4.24 -- Pulling image layers:  1 pending,  8 downloaded,  4 extracted, (59 MB/? MB)
14:41:21.696 [docker-java-stream--1362469710] INFO tc.mongo:4.4.24 -- Pulling image layers:  1 pending,  8 downloaded,  5 extracted, (60 MB/? MB)
14:41:21.726 [docker-java-stream--1362469710] INFO tc.mongo:4.4.24 -- Pulling image layers:  1 pending,  8 downloaded,  6 extracted, (60 MB/? MB)
14:41:21.828 [docker-java-stream--1362469710] INFO tc.mongo:4.4.24 -- Pulling image layers:  1 pending,  8 downloaded,  7 extracted, (61 MB/? MB)
14:41:39.721 [docker-java-stream--1362469710] INFO tc.mongo:4.4.24 -- Pulling image layers:  0 pending,  9 downloaded,  7 extracted, (167 MB/167 MB)
14:41:47.722 [docker-java-stream--1362469710] INFO tc.mongo:4.4.24 -- Pulling image layers:  0 pending,  9 downloaded,  8 extracted, (167 MB/167 MB)
14:41:48.122 [docker-java-stream--1362469710] INFO tc.mongo:4.4.24 -- Pulling image layers:  0 pending,  9 downloaded,  9 extracted, (167 MB/167 MB)
14:41:48.419 [docker-java-stream--1362469710] INFO tc.mongo:4.4.24 -- Pull complete. 9 layers, pulled in 42s (downloaded 167 MB at 3 MB/s)
14:41:48.459 [main] INFO tc.mongo:4.4.24 -- Creating container for image: mongo:4.4.24
14:42:17.007 [main] INFO tc.mongo:4.4.24 -- Container mongo:4.4.24 is starting: 8d258e55f9143946d42bba8b34f642638ae911265e1583b34efcd12a74c59e3e
14:42:21.502 [main] INFO tc.mongo:4.4.24 -- Container mongo:4.4.24 started in PT1M17.5954281S

  .   ____          _            __ _ _
 /\\ / ___'_ __ _ _(_)_ __  __ _ \ \ \ \
( ( )\___ | '_ | '_| | '_ \/ _` | \ \ \ \
 \\/  ___)| |_)| | | | | || (_| |  ) ) ) )
  '  |____| .__|_| |_|_| |_\__, | / / / /
 =========|_|==============|___/=/_/_/_/
 :: Spring Boot ::                (v3.1.3)

2025-05-14T14:42:23.327+01:00  INFO [product-service,,] 19760 --- [           main] c.a.p.ProductServiceApplicationTests     : Starting ProductServiceApplicationTests using Java 17.0.11 with PID 19760 (started by amine in C:\Users\amine\OneDrive\Desktop\Master-main\product-service)
2025-05-14T14:42:23.329+01:00  INFO [product-service,,] 19760 --- [           main] c.a.p.ProductServiceApplicationTests     : No active profile set, falling back to 1 default profile: "default"
2025-05-14T14:42:24.761+01:00  INFO [product-service,,] 19760 --- [           main] .s.d.r.c.RepositoryConfigurationDelegate : Bootstrapping Spring Data MongoDB repositories in DEFAULT mode.
2025-05-14T14:42:24.965+01:00  INFO [product-service,,] 19760 --- [           main] .s.d.r.c.RepositoryConfigurationDelegate : Finished Spring Data repository scanning in 198 ms. Found 1 MongoDB repository interfaces.
2025-05-14T14:42:25.263+01:00  INFO [product-service,,] 19760 --- [           main] o.s.cloud.context.scope.GenericScope     : BeanFactory id=dacaebab-a2e2-3ae6-9859-8a903970c406
2025-05-14T14:42:25.943+01:00  INFO [product-service,,] 19760 --- [           main] org.mongodb.driver.client                : MongoClient with metadata {"driver": {"name": "mongo-java-driver|sync|spring-boot", "version": "4.9.1"}, "os": {"type": "Windows", "name": "Windows 11", "architecture": "amd64", "version": "10.0"}, "platform": "Java/Oracle Corporation/17.0.11+7-LTS-207"} created with settings MongoClientSettings{readPreference=primary, writeConcern=WriteConcern{w=null, wTimeout=null ms, journal=null}, retryWrites=true, retryReads=true, readConcern=ReadConcern{level=null}, credential=null, streamFactoryFactory=null, commandListeners=[io.micrometer.core.instrument.binder.mongodb.MongoMetricsCommandListener@5c79c5ec], codecRegistry=ProvidersCodecRegistry{codecProviders=[ValueCodecProvider{}, BsonValueCodecProvider{}, DBRefCodecProvider{}, DBObjectCodecProvider{}, DocumentCodecProvider{}, CollectionCodecProvider{}, IterableCodecProvider{}, MapCodecProvider{}, GeoJsonCodecProvider{}, GridFSFileCodecProvider{}, Jsr310CodecProvider{}, JsonObjectCodecProvider{}, BsonCodecProvider{}, EnumCodecProvider{}, com.mongodb.client.model.mql.ExpressionCodecProvider@34eaf9c1, com.mongodb.Jep395RecordCodecProvider@5bbf744b]}, loggerSettings=LoggerSettings{maxDocumentLength=1000}, clusterSettings={hosts=[localhost:50165], srvServiceName=mongodb, mode=SINGLE, requiredClusterType=UNKNOWN, requiredReplicaSetName='null', serverSelector='null', clusterListeners='[]', serverSelectionTimeout='30000 ms', localThreshold='30000 ms'}, socketSettings=SocketSettings{connectTimeoutMS=10000, readTimeoutMS=0, receiveBufferSize=0, sendBufferSize=0}, heartbeatSocketSettings=SocketSettings{connectTimeoutMS=10000, readTimeoutMS=10000, receiveBufferSize=0, sendBufferSize=0}, connectionPoolSettings=ConnectionPoolSettings{maxSize=100, minSize=0, maxWaitTimeMS=120000, maxConnectionLifeTimeMS=0, maxConnectionIdleTimeMS=0, maintenanceInitialDelayMS=0, maintenanceFrequencyMS=60000, connectionPoolListeners=[io.micrometer.core.instrument.binder.mongodb.MongoMetricsConnectionPoolListener@55881f40], maxConnecting=2}, serverSettings=ServerSettings{heartbeatFrequencyMS=10000, minHeartbeatFrequencyMS=500, serverListeners='[]', serverMonitorListeners='[]'}, sslSettings=SslSettings{enabled=false, invalidHostNameAllowed=false, context=null}, applicationName='null', compressorList=[], uuidRepresentation=JAVA_LEGACY, serverApi=null, autoEncryptionSettings=null, contextProvider=null}
2025-05-14T14:42:25.972+01:00  INFO [product-service,,] 19760 --- [localhost:50165] org.mongodb.driver.cluster               : Monitor thread successfully connected to server with description ServerDescription{address=localhost:50165, type=REPLICA_SET_PRIMARY, state=CONNECTED, ok=true, minWireVersion=0, maxWireVersion=9, maxDocumentSize=16777216, logicalSessionTimeoutMinutes=30, roundTripTimeNanos=40021800, setName='docker-rs', canonicalAddress=8d258e55f914:27017, hosts=[8d258e55f914:27017], passives=[], arbiters=[], primary='8d258e55f914:27017', tagSet=TagSet{[]}, electionId=7fffffff0000000000000001, setVersion=1, topologyVersion=TopologyVersion{processId=68249db94b867cacf0fc1051, counter=6}, lastWriteDate=Wed May 14 14:42:22 CET 2025, lastUpdateTimeNanos=270630500561100}
2025-05-14T14:42:27.193+01:00  INFO [product-service,,] 19760 --- [           main] o.s.b.t.m.w.SpringBootMockServletContext : Initializing Spring TestDispatcherServlet ''
2025-05-14T14:42:27.193+01:00  INFO [product-service,,] 19760 --- [           main] o.s.t.web.servlet.TestDispatcherServlet  : Initializing Servlet ''
2025-05-14T14:42:27.202+01:00  INFO [product-service,,] 19760 --- [           main] o.s.b.a.e.web.EndpointLinksResolver      : Exposing 0 endpoint(s) beneath base path '/actuator'
2025-05-14T14:42:27.211+01:00  INFO [product-service,,] 19760 --- [           main] o.s.t.web.servlet.TestDispatcherServlet  : Completed initialization in 16 ms
2025-05-14T14:42:27.439+01:00  INFO [product-service,,] 19760 --- [           main] DiscoveryClientOptionalArgsConfiguration : Eureka HTTP Client uses RestTemplate.
2025-05-14T14:42:27.709+01:00  WARN [product-service,,] 19760 --- [           main] iguration$LoadBalancerCaffeineWarnLogger : Spring Cloud LoadBalancer is currently working with the default cache. While this cache implementation is useful for development and tests, it's recommended to use Caffeine cache in production.You can switch to using Caffeine cache, by adding it and org.springframework.cache.caffeine.CaffeineCacheManager to the classpath.
2025-05-14T14:42:27.784+01:00  INFO [product-service,,] 19760 --- [           main] c.a.p.ProductServiceApplicationTests     : Started ProductServiceApplicationTests in 5.025 seconds (process running for 95.503)
2025-05-14T14:42:29.554+01:00  INFO [product-service,,] 19760 --- [           main] c.a.p.service.ProductService             : Product 68249dc52ecef175163fec00 is saved
]]></system-out>
  </testcase>
</testsuite>